<?xml version="1.0" encoding="UTF-8"?>
<testng-results ignored="0" total="2" passed="2" failed="0" skipped="0">
  <reporter-output>
  </reporter-output>
  <suite started-at="2024-05-27T09:47:09 IST" name="Default suite" finished-at="2024-05-27T09:47:17 IST" duration-ms="7826">
    <groups>
    </groups>
    <test started-at="2024-05-27T09:47:09 IST" name="Default test" finished-at="2024-05-27T09:47:17 IST" duration-ms="7826">
      <class name="com.demoblaze.TestScriptDemo">
        <test-method signature="BrowserLaunch()[pri:0, instance:com.demoblaze.TestScriptDemo@f1da57d]" started-at="2024-05-27T09:47:09 IST" name="BrowserLaunch" finished-at="2024-05-27T09:47:17 IST" duration-ms="7668" status="PASS">
          <reporter-output>
          </reporter-output>
        </test-method> <!-- BrowserLaunch -->
        <test-method signature="LoginPage()[pri:0, instance:com.demoblaze.TestScriptDemo@f1da57d]" started-at="2024-05-27T09:47:17 IST" name="LoginPage" finished-at="2024-05-27T09:47:17 IST" duration-ms="99" status="PASS">
          <reporter-output>
          </reporter-output>
        </test-method> <!-- LoginPage -->
      </class> <!-- com.demoblaze.TestScriptDemo -->
    </test> <!-- Default test -->
  </suite> <!-- Default suite -->
</testng-results>
